warning: ignoring unsupported tag `OUTPUT_TEXT_DIRECTION  =' at line 102, file /home/travis/build/BottleBuddy/bottle-buddy-embedded/Doxyfile
warning: ignoring unsupported tag `JAVADOC_BANNER         =' at line 208, file /home/travis/build/BottleBuddy/bottle-buddy-embedded/Doxyfile
warning: ignoring unsupported tag `PYTHON_DOCSTRING       =' at line 236, file /home/travis/build/BottleBuddy/bottle-buddy-embedded/Doxyfile
warning: ignoring unsupported tag `OPTIMIZE_OUTPUT_SLICE  =' at line 308, file /home/travis/build/BottleBuddy/bottle-buddy-embedded/Doxyfile
warning: ignoring unsupported tag `TOC_INCLUDE_HEADINGS   =' at line 350, file /home/travis/build/BottleBuddy/bottle-buddy-embedded/Doxyfile
warning: ignoring unsupported tag `NUM_PROC_THREADS       =' at line 474, file /home/travis/build/BottleBuddy/bottle-buddy-embedded/Doxyfile
warning: ignoring unsupported tag `EXTRACT_PRIV_VIRTUAL   =' at line 500, file /home/travis/build/BottleBuddy/bottle-buddy-embedded/Doxyfile
warning: ignoring unsupported tag `RESOLVE_UNNAMED_PARAMS =' at line 544, file /home/travis/build/BottleBuddy/bottle-buddy-embedded/Doxyfile
warning: ignoring unsupported tag `CLANG_ADD_INC_PATHS    =' at line 1167, file /home/travis/build/BottleBuddy/bottle-buddy-embedded/Doxyfile
warning: ignoring unsupported tag `CLANG_DATABASE_PATH    =' at line 1188, file /home/travis/build/BottleBuddy/bottle-buddy-embedded/Doxyfile
warning: ignoring unsupported tag `HTML_DYNAMIC_MENUS     =' at line 1346, file /home/travis/build/BottleBuddy/bottle-buddy-embedded/Doxyfile
warning: ignoring unsupported tag `HTML_FORMULA_FORMAT    =' at line 1620, file /home/travis/build/BottleBuddy/bottle-buddy-embedded/Doxyfile
warning: ignoring unsupported tag `FORMULA_MACROFILE      =' at line 1646, file /home/travis/build/BottleBuddy/bottle-buddy-embedded/Doxyfile
warning: ignoring unsupported tag `LATEX_MAKEINDEX_CMD    =' at line 1833, file /home/travis/build/BottleBuddy/bottle-buddy-embedded/Doxyfile
warning: ignoring unsupported tag `LATEX_EMOJI_DIRECTORY  =' at line 1977, file /home/travis/build/BottleBuddy/bottle-buddy-embedded/Doxyfile
warning: ignoring unsupported tag `XML_NS_MEMB_FILE_SCOPE =' at line 2121, file /home/travis/build/BottleBuddy/bottle-buddy-embedded/Doxyfile
warning: ignoring unsupported tag `DOT_UML_DETAILS        =' at line 2449, file /home/travis/build/BottleBuddy/bottle-buddy-embedded/Doxyfile
warning: ignoring unsupported tag `DOT_WRAP_THRESHOLD     =' at line 2458, file /home/travis/build/BottleBuddy/bottle-buddy-embedded/Doxyfile
warning: ignoring unsupported tag `PLANTUML_CFG_FILE      =' at line 2589, file /home/travis/build/BottleBuddy/bottle-buddy-embedded/Doxyfile
Searching for include files...
Searching for example files...
Searching for images...
Searching for dot files...
Searching for msc files...
Searching for dia files...
Searching for files to exclude
Searching INPUT for files to process...
Searching for files in directory /home/travis/build/BottleBuddy/bottle-buddy-embedded
Searching for files in directory /home/travis/build/BottleBuddy/bottle-buddy-embedded/assets
Searching for files in directory /home/travis/build/BottleBuddy/bottle-buddy-embedded/assets/img
Searching for files in directory /home/travis/build/BottleBuddy/bottle-buddy-embedded/code_docs
Searching for files in directory /home/travis/build/BottleBuddy/bottle-buddy-embedded/code_docs/bottle-buddy-embedded
Searching for files in directory /home/travis/build/BottleBuddy/bottle-buddy-embedded/include
Searching for files in directory /home/travis/build/BottleBuddy/bottle-buddy-embedded/include/devices
Searching for files in directory /home/travis/build/BottleBuddy/bottle-buddy-embedded/include/Pipeline
Searching for files in directory /home/travis/build/BottleBuddy/bottle-buddy-embedded/include/Pipeline/Services
Searching for files in directory /home/travis/build/BottleBuddy/bottle-buddy-embedded/src
Searching for files in directory /home/travis/build/BottleBuddy/bottle-buddy-embedded/src/devices
Searching for files in directory /home/travis/build/BottleBuddy/bottle-buddy-embedded/src/Pipeline
Searching for files in directory /home/travis/build/BottleBuddy/bottle-buddy-embedded/src/Pipeline/Services
Reading and parsing tag files
Parsing files
Preprocessing /home/travis/build/BottleBuddy/bottle-buddy-embedded/include/devices/BLE.h...
Parsing file /home/travis/build/BottleBuddy/bottle-buddy-embedded/include/devices/BLE.h...
Preprocessing /home/travis/build/BottleBuddy/bottle-buddy-embedded/include/devices/FSR.h...
Parsing file /home/travis/build/BottleBuddy/bottle-buddy-embedded/include/devices/FSR.h...
Preprocessing /home/travis/build/BottleBuddy/bottle-buddy-embedded/include/devices/IMU.h...
Parsing file /home/travis/build/BottleBuddy/bottle-buddy-embedded/include/devices/IMU.h...
Preprocessing /home/travis/build/BottleBuddy/bottle-buddy-embedded/include/devices/ToF.h...
Parsing file /home/travis/build/BottleBuddy/bottle-buddy-embedded/include/devices/ToF.h...
Preprocessing /home/travis/build/BottleBuddy/bottle-buddy-embedded/include/Pipeline/package.h...
Parsing file /home/travis/build/BottleBuddy/bottle-buddy-embedded/include/Pipeline/package.h...
Preprocessing /home/travis/build/BottleBuddy/bottle-buddy-embedded/include/Pipeline/pipe.h...
Parsing file /home/travis/build/BottleBuddy/bottle-buddy-embedded/include/Pipeline/pipe.h...
Preprocessing /home/travis/build/BottleBuddy/bottle-buddy-embedded/include/Pipeline/router.h...
Parsing file /home/travis/build/BottleBuddy/bottle-buddy-embedded/include/Pipeline/router.h...
Preprocessing /home/travis/build/BottleBuddy/bottle-buddy-embedded/include/Pipeline/service.h...
Parsing file /home/travis/build/BottleBuddy/bottle-buddy-embedded/include/Pipeline/service.h...
Preprocessing /home/travis/build/BottleBuddy/bottle-buddy-embedded/include/Pipeline/serviceManager.h...
Parsing file /home/travis/build/BottleBuddy/bottle-buddy-embedded/include/Pipeline/serviceManager.h...
Preprocessing /home/travis/build/BottleBuddy/bottle-buddy-embedded/include/Pipeline/Services/cleaningService.h...
Parsing file /home/travis/build/BottleBuddy/bottle-buddy-embedded/include/Pipeline/Services/cleaningService.h...
Preprocessing /home/travis/build/BottleBuddy/bottle-buddy-embedded/include/Pipeline/Services/waterIntakeService.h...
Parsing file /home/travis/build/BottleBuddy/bottle-buddy-embedded/include/Pipeline/Services/waterIntakeService.h...
Reading /home/travis/build/BottleBuddy/bottle-buddy-embedded/README.md...
Preprocessing /home/travis/build/BottleBuddy/bottle-buddy-embedded/src/devices/BLE.cpp...
Parsing file /home/travis/build/BottleBuddy/bottle-buddy-embedded/src/devices/BLE.cpp...
Preprocessing /home/travis/build/BottleBuddy/bottle-buddy-embedded/src/devices/FSR.cpp...
Parsing file/home/travis/build/BottleBuddy/bottle-buddy-embedded/src/Pipeline/pipe.cpp:20: warning: no matching class member found for 
  template void BottleBuddy::Embedded::Pipeline::Pipe::sendPayload< int >(int)
Possible candidates:
  'template < T >
  void BottleBuddy::Embedded::Pipeline::Pipe::sendPayload(T data)
  'template < T >
  void BottleBuddy::Embedded::Pipeline::Pipe::sendPayload(T dim1, T dim2)
  'template < T >
  void BottleBuddy::Embedded::Pipeline::Pipe::sendPayload(T dim1, T dim2, T dim3)

/home/travis/build/BottleBuddy/bottle-buddy-embedded/src/Pipeline/pipe.cpp:21: warning: no matching class member found for 
  template void BottleBuddy::Embedded::Pipeline::Pipe::sendPayload< float >(float)
Possible candidates:
  'template < T >
  void BottleBuddy::Embedded::Pipeline::Pipe::sendPayload(T data)
  'template < T >
  void BottleBuddy::Embedded::Pipeline::Pipe::sendPayload(T dim1, T dim2)
  'template < T >
  void BottleBuddy::Embedded::Pipeline::Pipe::sendPayload(T dim1, T dim2, T dim3)

/home/travis/build/BottleBuddy/bottle-buddy-embedded/src/Pipeline/pipe.cpp:28: warning: no matching class member found for 
  template void BottleBuddy::Embedded::Pipeline::Pipe::sendPayload< int >(int, int)
Possible candidates:
  'template < T >
  void BottleBuddy::Embedded::Pipeline::Pipe::sendPayload(T data)
  'template < T >
  void BottleBuddy::Embedded::Pipeline::Pipe::sendPayload(T dim1, T dim2)
  'template < T >
  void BottleBuddy::Embedded::Pipeline::Pipe::sendPayload(T dim1, T dim2, T dim3)

/home/travis/build/BottleBuddy/bottle-buddy-embedded/src/Pipeline/pipe.cpp:29: warning: no matching class member found for 
  template void BottleBuddy::Embedded::Pipeline::Pipe::sendPayload< float >(float, float)
Possible candidates:
  'template < T >
  void BottleBuddy::Embedded::Pipeline::Pipe::sendPayload(T data)
  'template < T >
  void BottleBuddy::Embedded::Pipeline::Pipe::sendPayload(T dim1, T dim2)
  'template < T >
  void BottleBuddy::Embedded::Pipeline::Pipe::sendPayload(T dim1, T dim2, T dim3)

/home/travis/build/BottleBuddy/bottle-buddy-embedded/src/Pipeline/pipe.cpp:36: warning: no matching class member found for 
  template void BottleBuddy::Embedded::Pipeline::Pipe::sendPayload< int >(int, int, int)
Possible candidates:
  'template < T >
  void BottleBuddy::Embedded::Pipeline::Pipe::sendPayload(T data)
  'template < T >
  void BottleBuddy::Embedded::Pipeline::Pipe::sendPayload(T dim1, T dim2)
  'template < T >
  void BottleBuddy::Embedded::Pipeline::Pipe::sendPayload(T dim1, T dim2, T dim3)

/home/travis/build/BottleBuddy/bottle-buddy-embedded/src/Pipeline/pipe.cpp:37: warning: no matching class member found for 
  template void BottleBuddy::Embedded::Pipeline::Pipe::sendPayload< float >(float, float, float)
Possible candidates:
  'template < T >
  void BottleBuddy::Embedded::Pipeline::Pipe::sendPayload(T data)
  'template < T >
  void BottleBuddy::Embedded::Pipeline::Pipe::sendPayload(T dim1, T dim2)
  'template < T >
  void BottleBuddy::Embedded::Pipeline::Pipe::sendPayload(T dim1, T dim2, T dim3)

 /home/travis/build/BottleBuddy/bottle-buddy-embedded/src/devices/FSR.cpp...
Preprocessing /home/travis/build/BottleBuddy/bottle-buddy-embedded/src/devices/IMU.cpp...
Parsing file /home/travis/build/BottleBuddy/bottle-buddy-embedded/src/devices/IMU.cpp...
Preprocessing /home/travis/build/BottleBuddy/bottle-buddy-embedded/src/devices/ToF.cpp...
Parsing file /home/travis/build/BottleBuddy/bottle-buddy-embedded/src/devices/ToF.cpp...
Preprocessing /home/travis/build/BottleBuddy/bottle-buddy-embedded/src/main.cpp...
Parsing file /home/travis/build/BottleBuddy/bottle-buddy-embedded/src/main.cpp...
Preprocessing /home/travis/build/BottleBuddy/bottle-buddy-embedded/src/Pipeline/package.cpp...
Parsing file /home/travis/build/BottleBuddy/bottle-buddy-embedded/src/Pipeline/package.cpp...
Preprocessing /home/travis/build/BottleBuddy/bottle-buddy-embedded/src/Pipeline/pipe.cpp...
Parsing file /home/travis/build/BottleBuddy/bottle-buddy-embedded/src/Pipeline/pipe.cpp...
Preprocessing /home/travis/build/BottleBuddy/bottle-buddy-embedded/src/Pipeline/router.cpp...
Parsing file /home/travis/build/BottleBuddy/bottle-buddy-embedded/src/Pipeline/router.cpp...
Preprocessing /home/travis/build/BottleBuddy/bottle-buddy-embedded/src/Pipeline/service.cpp...
Parsing file /home/travis/build/BottleBuddy/bottle-buddy-embedded/src/Pipeline/service.cpp...
Preprocessing /home/travis/build/BottleBuddy/bottle-buddy-embedded/src/Pipeline/serviceManager.cpp...
Parsing file /home/travis/build/BottleBuddy/bottle-buddy-embedded/src/Pipeline/serviceManager.cpp...
Preprocessing /home/travis/build/BottleBuddy/bottle-buddy-embedded/src/Pipeline/Services/cleaningService.cpp...
Parsing file /home/travis/build/BottleBuddy/bottle-buddy-embedded/src/Pipeline/Services/cleaningService.cpp...
Preprocessing /home/travis/build/BottleBuddy/bottle-buddy-embedded/src/Pipeline/Services/waterIntakeService.cpp...
Parsing file /home/travis/build/BottleBuddy/bottle-buddy-embedded/src/Pipeline/Services/waterIntakeService.cpp...
Building group list...
Building directory list...
Building namespace list...
Building file list...
Building class list...
Associating documentation with classes...
Computing nesting relations for classes...
Building example list...
Searching for enumerations...
Searching for documented typedefs...
Searching for members imported via using declarations...
Searching for included using directives...
Searching for documented variables...
Building interface member list...
Building member list...
Searching for friends...
Searching for documented defines...
Computing class inheritance relations...
Computing class usage relations...
Flushing cached template relations that have become invalid...
Creating members for template instances...
Computing class relations...
Add enum values to enums...
Searching for member function documentation...
Building page list...
Search for main page...
Computing page relations...
Determining the scope of groups...
Sorting lists...
Freeing entry tree
Determining which enums are documented
Computing member relations...
Building full member lists recursively...
Adding members to member groups.
Computing member references...
Inheriting documentation...
Generating disk names...
Adding source references...
Adding xrefitems...
Sorting member lists...
Computing dependencies between directories...
Generating citations page...
Counting data structures...
Resolving user defined references...
Finding anchors and sections in the documentation...
Transferring function references...
Combining using relations...
Adding members to index pages...
Generating style sheet...
Generating search indices...
Generating example documentation...
Generating file sources...
Generating code for file /home/travis/build/BottleBuddy/bottle-buddy-embedded/include/devices/BLE.h...
Generating code for file /home/travis/build/BottleBuddy/bottle-buddy-embedded/include/devices/FSR.h...
Generating code for file /home/travis/build/BottleBuddy/bottle-buddy-embedded/include/devices/IMU.h...
Generating code for file /home/travis/build/BottleBuddy/bottle-buddy-embedded/include/de/home/travis/build/BottleBuddy/bottle-buddy-embedded/include/devices/FSR.h:14: warning: Member read_fsr_1() (function) of file FSR.h is not documented.
/home/travis/build/BottleBuddy/bottle-buddy-embedded/include/devices/FSR.h:16: warning: Member read_fsr_2() (function) of file FSR.h is not documented.
/home/travis/build/BottleBuddy/bottle-buddy-embedded/include/devices/FSR.h:11: warning: Member fsr_pin_1 (variable) of file FSR.h is not documented.
/home/travis/build/BottleBuddy/bottle-buddy-embedded/include/devices/FSR.h:12: warning: Member fsr_pin_2 (variable) of file FSR.h is not documented.
/home/travis/build/BottleBuddy/bottle-buddy-embedded/include/Pipeline/service.h:17: warning: Member BLEType (enumeration) of namespace BottleBuddy::Embedded::Pipeline is not documented.
/home/travis/build/BottleBuddy/bottle-buddy-embedded/src/main.cpp:17: warning: Member waterLevelPipe (variable) of file main.cpp is not documented.
/home/travis/build/BottleBuddy/bottle-buddy-embedded/src/main.cpp:18: warning: Member accelerometerPipe (variable) of file main.cpp is not documented.
/home/travis/build/BottleBuddy/bottle-buddy-embedded/src/main.cpp:19: warning: Member gyroscopePipe (variable) of file main.cpp is not documented.
/home/travis/build/BottleBuddy/bottle-buddy-embedded/src/main.cpp:20: warning: Member magnetometerPipe (variable) of file main.cpp is not documented.
/home/travis/build/BottleBuddy/bottle-buddy-embedded/src/main.cpp:21: warning: Member fsrPipe (variable) of file main.cpp is not documented.
/home/travis/build/BottleBuddy/bottle-buddy-embedded/src/main.cpp:23: warning: Member serviceManager (variable) of file main.cpp is not documented.
/home/travis/build/BottleBuddy/bottle-buddy-embedded/include/Pipeline/package.h:26: warning: Member Package(Location origin, int data) (function) of class BottleBuddy::Embedded::Pipeline::Package is not documented.
/home/travis/build/BottleBuddy/bottle-buddy-embedded/include/Pipeline/package.h:27: warning: Member Package(Location origin, float data) (function) of class BottleBuddy::Embedded::Pipeline::Package is not documented.
/home/travis/build/BottleBuddy/bottle-buddy-embedded/include/Pipeline/package.h:29: warning: Member Package(Location origin, int dim1, int dim2) (function) of class BottleBuddy::Embedded::Pipeline::Package is not documented.
/home/travis/build/BottleBuddy/bottle-buddy-embedded/include/Pipeline/package.h:30: warning: Member Package(Location origin, float dim1, float dim2) (function) of class BottleBuddy::Embedded::Pipeline::Package is not documented.
/home/travis/build/BottleBuddy/bottle-buddy-embedded/include/Pipeline/package.h:32: warning: Member Package(Location origin, int dim1, int dim2, int dim3) (function) of class BottleBuddy::Embedded::Pipeline::Package is not documented.
/home/travis/build/BottleBuddy/bottle-buddy-embedded/include/Pipeline/package.h:33: warning: Member Package(Location origin, float dim1, float dim2, float dim3) (function) of class BottleBuddy::Embedded::Pipeline::Package is not documented.
/home/travis/build/BottleBuddy/bottle-buddy-embedded/include/Pipeline/package.h:42: warning: Member getData(int &data) (function) of class BottleBuddy::Embedded::Pipeline::Package is not documented.
/home/travis/build/BottleBuddy/bottle-buddy-embedded/include/Pipeline/package.h:43: warning: Member getData(int &dim1, int &dim2) (function) of class BottleBuddy::Embedded::Pipeline::Package is not documented.
/home/travis/build/BottleBuddy/bottle-buddy-embedded/include/Pipeline/package.h:44: warning: Member getData(int &dim1, int &dim2, int &dim3) (function) of class BottleBuddy::Embedded::Pipeline::Package is not documented.
/home/travis/build/BottleBuddy/bottle-buddy-embedded/include/Pipeline/package.h:45: warning: Member getData(float &data) (function) of class BottleBuddy::Embedded::Pipeline::Package is not documented.
/home/travis/build/BottleBuddy/bottle-buddy-embedded/include/Pipeline/package.h:46: warning: Member getData(float &dim1, float &dim2) (function) of class BottleBuddy::Embedded::Pipeline::Package is not documented.
/home/travis/build/BottleBuddy/bottle-buddy-embedded/include/Pipeline/package.h:47: warning: Member getData(float &dim1, float &dim2, float &dim3) (function) of class BottleBuddy::Embedded::Pipeline::Package is not documented.
/home/travis/build/BottleBuddy/bottle-buddy-embedded/include/Pipeline/pipe.h:19: warning: Member Pipe(Location location) (function) of class BottleBuddy::Embedded::Pipeline::Pipe is not documented.
/home/travis/build/BottleBuddy/bottle-buddy-embedded/include/Pipeline/pipe.h:30: warning: Member sendPayload(T dim1, T dim2) (function) of class BottleBuddy::Embedded::Pipeline::Pipe is not documented.
/home/travis/build/BottleBuddy/bottle-buddy-embedded/include/Pipeline/pipe.h:33: warning: Member sendPayload(T dim1, T dim2, T dim3) (function) of class BottleBuddy::Embedded::Pipeline::Pipe is not documented.
/home/travis/build/BottleBuddy/bottle-buddy-embedded/include/Pipeline/service.h:31: warning: Member Service(const char *uid) (function) of class BottleBuddy::Embedded::Pipeline::Service is not documented.
/home/travis/build/BottleBuddy/bottle-buddy-embedded/include/Pipeline/service.h:35: warning: Member connect()=0 (function) of class BottleBuddy::Embedded::Pipeline::Service is not documented.
/home/travis/build/BottleBuddy/bottle-buddy-embedded/include/Pipeline/service.h:36: warning: Member disconnect()=0 (function) of class BottleBuddy::Embedded::Pipeline::Service is not documented.
/home/travis/build/BottleBuddy/bottle-buddy-embedded/include/Pipeline/service.h:38: warning: Member loop()=0 (function) of class BottleBuddy::Embedded::Pipeline::Service is not documented.
/home/travis/build/BottleBuddy/bottle-buddy-embedded/include/Pipeline/service.h:71: warning: Member getCharacteristic(std::string name) (function) of class BottleBuddy::Embedded::Pipeline::Service is not documented.
/home/travis/build/BottleBuddy/bottle-buddy-embedded/include/Pipeline/service.h:72: warning: Member getStringCharacteristic(std::string name) (function) of class BottleBuddy::Embedded::Pipeline::Service is not documented.
/home/travis/build/BottleBuddy/bottle-buddy-embedded/include/Pipeline/Services/cleaningService.h:19: warning: Member CleaningService(const char *uid) (function) of class BottleBuddy::Embedded::Pipeline::Services::CleaningService is not documented.
/home/travis/build/BottleBuddy/bottle-buddy-embedded/include/Pipeline/Services/cleaningService.h:21: warning: Member connect() (function) of class BottleBuddy::Embedded::Pipeline::Services::CleaningService is not documented.
/home/travis/build/BottleBuddy/bottle-buddy-embedded/include/Pipeline/Services/cleaningService.h:22: warning: Member disconnect() (function) of class BottleBuddy::Embedded::Pipeline::Services::CleaningService is not documented.
/home/travis/build/BottleBuddy/bottle-buddy-embedded/include/Pipeline/Services/cleaningService.h:24: warning: Member loop() (function) of class BottleBuddy::Embedded::Pipeline::Services::CleaningService is not documented.
/home/travis/build/BottleBuddy/bottle-buddy-embedded/include/Pipeline/service.h:31: warning: Member Service(const char *uid) (function) of class BottleBuddy::Embedded::Pipeline::Service is not documented.
/home/travis/build/BottleBuddy/bottle-buddy-embedded/include/Pipeline/service.h:71: warning: Member getCharacteristic(std::string name) (function) of class BottleBuddy::Embedded::Pipeline::Service is not documented.
/home/travis/build/BottleBuddy/bottle-buddy-embedded/include/Pipeline/service.h:72: warning: Member getStringCharacteristic(std::string name) (function) of class BottleBuddy::Embedded::Pipeline::Service is not documented.
/home/travis/build/BottleBuddy/bottle-buddy-embedded/include/Pipeline/Services/waterIntakeService.h:19: warning: Member WaterIntakeService(const char *uid) (function) of class BottleBuddy::Embedded::Pipeline::Services::WaterIntakeService is not documented.
/home/travis/build/BottleBuddy/bottle-buddy-embedded/include/Pipeline/Services/waterIntakeService.h:21: warning: Member connect() (function) of class BottleBuddy::Embedded::Pipeline::Services::WaterIntakeService is not documented.
/home/travis/build/BottleBuddy/bottle-buddy-embedded/include/Pipeline/Services/waterIntakeService.h:22: warning: Member disconnect() (function) of class BottleBuddy::Embedded::Pipeline::Services::WaterIntakeService is not documented.
/home/travis/build/BottleBuddy/bottle-buddy-embedded/include/Pipeline/Services/waterIntakeService.h:24: warning: Member loop() (function) of class BottleBuddy::Embedded::Pipeline::Services::WaterIntakeService is not documented.
/home/travis/build/BottleBuddy/bottle-buddy-embedded/include/Pipeline/service.h:31: warning: Member Service(const char *uid) (function) of class BottleBuddy::Embedded::Pipeline::Service is not documented.
/home/travis/build/BottleBuddy/bottle-buddy-embedded/include/Pipeline/service.h:71: warning: Member getCharacteristic(std::string name) (function) of class BottleBuddy::Embedded::Pipeline::Service is not documented.
/home/travis/build/BottleBuddy/bottle-buddy-embedded/include/Pipeline/service.h:72: warning: Member getStringCharacteristic(std::string name) (function) of class BottleBuddy::Embedded::Pipeline::Service is not documented.
vices/ToF.h...
Generating code for file /home/travis/build/BottleBuddy/bottle-buddy-embedded/include/Pipeline/package.h...
Generating code for file /home/travis/build/BottleBuddy/bottle-buddy-embedded/include/Pipeline/pipe.h...
Generating code for file /home/travis/build/BottleBuddy/bottle-buddy-embedded/include/Pipeline/router.h...
Generating code for file /home/travis/build/BottleBuddy/bottle-buddy-embedded/include/Pipeline/service.h...
Generating code for file /home/travis/build/BottleBuddy/bottle-buddy-embedded/include/Pipeline/serviceManager.h...
Generating code for file /home/travis/build/BottleBuddy/bottle-buddy-embedded/include/Pipeline/Services/cleaningService.h...
Generating code for file /home/travis/build/BottleBuddy/bottle-buddy-embedded/include/Pipeline/Services/waterIntakeService.h...
Generating file documentation...
Generating docs for file /home/travis/build/BottleBuddy/bottle-buddy-embedded/include/devices/BLE.h...
Generating docs for file /home/travis/build/BottleBuddy/bottle-buddy-embedded/include/devices/FSR.h...
Generating docs for file /home/travis/build/BottleBuddy/bottle-buddy-embedded/include/devices/IMU.h...
Generating docs for file /home/travis/build/BottleBuddy/bottle-buddy-embedded/include/devices/ToF.h...
Generating docs for file /home/travis/build/BottleBuddy/bottle-buddy-embedded/include/Pipeline/package.h...
Generating docs for file /home/travis/build/BottleBuddy/bottle-buddy-embedded/include/Pipeline/pipe.h...
Generating docs for file /home/travis/build/BottleBuddy/bottle-buddy-embedded/include/Pipeline/router.h...
Generating docs for file /home/travis/build/BottleBuddy/bottle-buddy-embedded/include/Pipeline/service.h...
Generating docs for file /home/travis/build/BottleBuddy/bottle-buddy-embedded/include/Pipeline/serviceManager.h...
Generating docs for file /home/travis/build/BottleBuddy/bottle-buddy-embedded/include/Pipeline/Services/cleaningService.h...
Generating docs for file /home/travis/build/BottleBuddy/bottle-buddy-embedded/include/Pipeline/Services/waterIntakeService.h...
Generating docs for file /home/travis/build/BottleBuddy/bottle-buddy-embedded/src/main.cpp...
Generating docs for file /home/travis/build/BottleBuddy/bottle-buddy-embedded/src/Pipeline/package.cpp...
Generating docs for file /home/travis/build/BottleBuddy/bottle-buddy-embedded/src/Pipeline/pipe.cpp...
Generating docs for file /home/travis/build/BottleBuddy/bottle-buddy-embedded/src/Pipeline/router.cpp...
Generating docs for file /home/travis/build/BottleBuddy/bottle-buddy-embedded/src/Pipeline/service.cpp...
Generating docs for file /home/travis/build/BottleBuddy/bottle-buddy-embedded/src/Pipeline/serviceManager.cpp...
Generating docs for file /home/travis/build/BottleBuddy/bottle-buddy-embedded/src/Pipeline/Services/cleaningService.cpp...
Generating docs for file /home/travis/build/BottleBuddy/bottle-buddy-embedded/src/Pipeline/Services/waterIntakeService.cpp...
Generating page documentation...
Generating docs for page md__home_travis_build_BottleBuddy_bottle-buddy-embedded_README...
Generating group documentation...
Generating class documentation...
Generating namespace index...
Generating docs for compound BottleBuddy::Embedded::Pipeline::Package...
Generating docs for compound BottleBuddy::Embedded::Pipeline::Pipe...
Generating docs for compound BottleBuddy::Embedded::Pipeline::Router...
Generating docs for compound BottleBuddy::Embedded::Pipeline::Service...
Generating docs for compound BottleBuddy::Embedded::Pipeline::ServiceManager...
Generating docs for compound BottleBuddy::Embedded::Pipeline::Services::CleaningService...
Generating docs for compound BottleBuddy::Embedded::Pipeline::Services::WaterIntakeService...
Generating graph info page...
Generating directory documentation...
Generating index page...
Generating page index...
Generating module index...
Generating namespace index...
Generating namespace member index...
Generating annotated compound index...
Generating alphabetical compound index...
Generating hierarchical class index...
Generating member index...
Generating file index...
Generating file member index...
Generating example index...
finalizing index lists...
writing tag file...
lookup cache used 128/65536 hits=575 misses=136
finished...
